#
# There is insufficient memory for the Java Runtime Environment to continue.
# Native memory allocation (malloc) failed to allocate 1499376 bytes. Error detail: Chunk::new
# Possible reasons:
#   The system is out of physical RAM or swap space
#   This process is running with CompressedOops enabled, and the Java Heap may be blocking the growth of the native heap
# Possible solutions:
#   Reduce memory load on the system
#   Increase physical memory or swap space
#   Check if swap backing store is full
#   Decrease Java heap size (-Xmx/-Xms)
#   Decrease number of Java threads
#   Decrease Java thread stack sizes (-Xss)
#   Set larger code cache with -XX:ReservedCodeCacheSize=
#   JVM is running with Unscaled Compressed Oops mode in which the Java heap is
#     placed in the first 4GB address space. The Java Heap base address is the
#     maximum limit for the native heap growth. Please use -XX:HeapBaseMinAddress
#     to set the Java Heap base and to place the Java Heap above 4GB virtual address.
# This output file may be truncated or incomplete.
#
#  Out of Memory Error (arena.cpp:168), pid=17124, tid=16288
#
# JRE version: OpenJDK Runtime Environment Temurin-21.0.5+11 (21.0.5+11) (build 21.0.5+11-LTS)
# Java VM: OpenJDK 64-Bit Server VM Temurin-21.0.5+11 (21.0.5+11-LTS, mixed mode, sharing, tiered, compressed oops, compressed class ptrs, parallel gc, windows-amd64)
# No core dump will be written. Minidumps are not enabled by default on client versions of Windows
#

---------------  S U M M A R Y ------------

Command Line: --add-modules=ALL-SYSTEM --add-opens=java.base/java.util=ALL-UNNAMED --add-opens=java.base/java.lang=ALL-UNNAMED --add-opens=java.base/sun.nio.fs=ALL-UNNAMED -Declipse.application=org.eclipse.jdt.ls.core.id1 -Dosgi.bundles.defaultStartLevel=4 -Declipse.product=org.eclipse.jdt.ls.core.product -Djava.import.generatesMetadataFilesAtProjectRoot=false -DDetectVMInstallationsJob.disabled=true -Dfile.encoding=utf8 -XX:+UseParallelGC -XX:GCTimeRatio=4 -XX:AdaptiveSizePolicyWeight=90 -Dsun.zip.disableMemoryMapping=true -Xmx1G -Xms100m -Xlog:disable -javaagent:c:\Users\82109\.vscode\extensions\redhat.java-1.39.0-win32-x64\lombok\lombok-1.18.34.jar c:\Users\82109\.vscode\extensions\redhat.java-1.39.0-win32-x64\server\plugins\org.eclipse.equinox.launcher_1.6.900.v20240613-2009.jar -configuration c:\Users\82109\AppData\Roaming\Code\User\globalStorage\redhat.java\1.39.0\config_ss_win -data c:\Users\82109\AppData\Roaming\Code\User\workspaceStorage\d54276818d8b07d454bb75c96debdf9e\redhat.java\ss_ws --pipe=\\.\pipe\lsp-e30675db8b51f2f6f2383834d2525a9d-sock

Host: 11th Gen Intel(R) Core(TM) i5-1135G7 @ 2.40GHz, 8 cores, 7G,  Windows 11 , 64 bit Build 22621 (10.0.22621.4391)
Time: Wed Feb  5 20:42:24 2025  Windows 11 , 64 bit Build 22621 (10.0.22621.4391) elapsed time: 2.975007 seconds (0d 0h 0m 2s)

---------------  T H R E A D  ---------------

Current thread (0x000001e8c37eb8f0):  JavaThread "C2 CompilerThread0" daemon [_thread_in_native, id=16288, stack(0x000000055b700000,0x000000055b800000) (1024K)]


Current CompileTask:
C2:2975 2552       4       org.lombokweb.asm.ClassReader::readMethod (1066 bytes)

Stack: [0x000000055b700000,0x000000055b800000]
Native frames: (J=compiled Java code, j=interpreted, Vv=VM code, C=native code)
V  [jvm.dll+0x6cd4e9]
V  [jvm.dll+0x8a7941]
V  [jvm.dll+0x8a9e6e]
V  [jvm.dll+0x8aa543]
V  [jvm.dll+0x27f6d6]
V  [jvm.dll+0xc500d]
V  [jvm.dll+0xc5543]
V  [jvm.dll+0x3b65d2]
V  [jvm.dll+0x382835]
V  [jvm.dll+0x381c9a]
V  [jvm.dll+0x2479d0]
V  [jvm.dll+0x246faf]
V  [jvm.dll+0x1c75ce]
V  [jvm.dll+0x25682a]
V  [jvm.dll+0x254dca]
V  [jvm.dll+0x3f00d6]
V  [jvm.dll+0x8514fb]
V  [jvm.dll+0x6cbbed]
C  [ucrtbase.dll+0x29333]
C  [KERNEL32.DLL+0x1259d]
C  [ntdll.dll+0x5af38]


---------------  P R O C E S S  ---------------

Threads class SMR info:
_java_thread_list=0x000001e90b60e070, length=20, elements={
0x000001e8af2ca770, 0x000001e8c37d9fa0, 0x000001e8c37db5e0, 0x000001e8c37df5d0,
0x000001e8c37e27e0, 0x000001e8c37e4bb0, 0x000001e8c37e9470, 0x000001e8c37eb8f0,
0x000001e8c37f2f60, 0x000001e906361130, 0x000001e9065d0340, 0x000001e906a707a0,
0x000001e906b0df60, 0x000001e90b026be0, 0x000001e906d27960, 0x000001e906b63140,
0x000001e906bc7520, 0x000001e906bba1d0, 0x000001e90b31d0e0, 0x000001e90b4be860
}

Java Threads: ( => current thread )
  0x000001e8af2ca770 JavaThread "main"                              [_thread_blocked, id=22776, stack(0x000000055ad00000,0x000000055ae00000) (1024K)]
  0x000001e8c37d9fa0 JavaThread "Reference Handler"          daemon [_thread_blocked, id=1608, stack(0x000000055b100000,0x000000055b200000) (1024K)]
  0x000001e8c37db5e0 JavaThread "Finalizer"                  daemon [_thread_blocked, id=23560, stack(0x000000055b200000,0x000000055b300000) (1024K)]
  0x000001e8c37df5d0 JavaThread "Signal Dispatcher"          daemon [_thread_blocked, id=34832, stack(0x000000055b300000,0x000000055b400000) (1024K)]
  0x000001e8c37e27e0 JavaThread "Attach Listener"            daemon [_thread_blocked, id=25384, stack(0x000000055b400000,0x000000055b500000) (1024K)]
  0x000001e8c37e4bb0 JavaThread "Service Thread"             daemon [_thread_blocked, id=24852, stack(0x000000055b500000,0x000000055b600000) (1024K)]
  0x000001e8c37e9470 JavaThread "Monitor Deflation Thread"   daemon [_thread_blocked, id=18256, stack(0x000000055b600000,0x000000055b700000) (1024K)]
=>0x000001e8c37eb8f0 JavaThread "C2 CompilerThread0"         daemon [_thread_in_native, id=16288, stack(0x000000055b700000,0x000000055b800000) (1024K)]
  0x000001e8c37f2f60 JavaThread "C1 CompilerThread0"         daemon [_thread_blocked, id=34032, stack(0x000000055b800000,0x000000055b900000) (1024K)]
  0x000001e906361130 JavaThread "Common-Cleaner"             daemon [_thread_blocked, id=16076, stack(0x000000055b900000,0x000000055ba00000) (1024K)]
  0x000001e9065d0340 JavaThread "Notification Thread"        daemon [_thread_blocked, id=23876, stack(0x000000055ba00000,0x000000055bb00000) (1024K)]
  0x000001e906a707a0 JavaThread "Active Thread: Equinox Container: 164f9946-fc11-471c-99ba-2b5ec80cb224"        [_thread_blocked, id=23436, stack(0x000000055bb00000,0x000000055bc00000) (1024K)]
  0x000001e906b0df60 JavaThread "C2 CompilerThread1"         daemon [_thread_blocked, id=34484, stack(0x000000055c200000,0x000000055c300000) (1024K)]
  0x000001e90b026be0 JavaThread "Framework Event Dispatcher: Equinox Container: 164f9946-fc11-471c-99ba-2b5ec80cb224" daemon [_thread_blocked, id=32508, stack(0x000000055c300000,0x000000055c400000) (1024K)]
  0x000001e906d27960 JavaThread "Start Level: Equinox Container: 164f9946-fc11-471c-99ba-2b5ec80cb224" daemon [_thread_in_native, id=24520, stack(0x000000055c400000,0x000000055c500000) (1024K)]
  0x000001e906b63140 JavaThread "SCR Component Actor"        daemon [_thread_blocked, id=17656, stack(0x000000055c500000,0x000000055c600000) (1024K)]
  0x000001e906bc7520 JavaThread "SCR Component Registry"     daemon [_thread_blocked, id=35180, stack(0x000000055c700000,0x000000055c800000) (1024K)]
  0x000001e906bba1d0 JavaThread "Worker-JM"                         [_thread_blocked, id=23092, stack(0x000000055c800000,0x000000055c900000) (1024K)]
  0x000001e90b31d0e0 JavaThread "Worker-0"                          [_thread_blocked, id=11280, stack(0x000000055c900000,0x000000055ca00000) (1024K)]
  0x000001e90b4be860 JavaThread "Worker-1"                          [_thread_blocked, id=12532, stack(0x000000055ca00000,0x000000055cb00000) (1024K)]
Total: 20

Other Threads:
  0x000001e8af361990 VMThread "VM Thread"                           [id=36736, stack(0x000000055b000000,0x000000055b100000) (1024K)]
  0x000001e8af334940 WatcherThread "VM Periodic Task Thread"        [id=23180, stack(0x000000055af00000,0x000000055b000000) (1024K)]
  0x000001e8af2e8790 WorkerThread "GC Thread#0"                     [id=38340, stack(0x000000055ae00000,0x000000055af00000) (1024K)]
  0x000001e90689a7b0 WorkerThread "GC Thread#1"                     [id=28536, stack(0x000000055bc00000,0x000000055bd00000) (1024K)]
  0x000001e90689ab50 WorkerThread "GC Thread#2"                     [id=3540, stack(0x000000055bd00000,0x000000055be00000) (1024K)]
  0x000001e90689aef0 WorkerThread "GC Thread#3"                     [id=34068, stack(0x000000055be00000,0x000000055bf00000) (1024K)]
  0x000001e9067010c0 WorkerThread "GC Thread#4"                     [id=6808, stack(0x000000055bf00000,0x000000055c000000) (1024K)]
  0x000001e906701460 WorkerThread "GC Thread#5"                     [id=37600, stack(0x000000055c000000,0x000000055c100000) (1024K)]
  0x000001e906701800 WorkerThread "GC Thread#6"                     [id=29252, stack(0x000000055c100000,0x000000055c200000) (1024K)]
  0x000001e906ba3d70 WorkerThread "GC Thread#7"                     [id=17132, stack(0x000000055c600000,0x000000055c700000) (1024K)]
Total: 10

Threads with active compile tasks:
C2 CompilerThread0  3003 2552       4       org.lombokweb.asm.ClassReader::readMethod (1066 bytes)
Total: 1

VM state: not at safepoint (normal execution)

VM Mutex/Monitor currently owned by a thread: None

Heap address: 0x00000000c0000000, size: 1024 MB, Compressed Oops mode: 32-bit

CDS archive(s) mapped at: [0x000001e8c4000000-0x000001e8c4ba0000-0x000001e8c4ba0000), size 12189696, SharedBaseAddress: 0x000001e8c4000000, ArchiveRelocationMode: 1.
Compressed class space mapped at: 0x000001e8c5000000-0x000001e905000000, reserved size: 1073741824
Narrow klass base: 0x000001e8c4000000, Narrow klass shift: 0, Narrow klass range: 0x100000000

GC Precious Log:
 CardTable entry size: 512
 CPUs: 8 total, 8 available
 Memory: 7865M
 Large Page Support: Disabled
 NUMA Support: Disabled
 Compressed Oops: Enabled (32-bit)
 Alignments: Space 512K, Generation 512K, Heap 2M
 Heap Min Capacity: 100M
 Heap Initial Capacity: 100M
 Heap Max Capacity: 1G
 Pre-touch: Disabled
 Parallel Workers: 8

Heap:
 PSYoungGen      total 30720K, used 3077K [0x00000000eab00000, 0x00000000ecf80000, 0x0000000100000000)
  eden space 25088K, 12% used [0x00000000eab00000,0x00000000eae01520,0x00000000ec380000)
  from space 5632K, 0% used [0x00000000eca00000,0x00000000eca00000,0x00000000ecf80000)
  to   space 5632K, 0% used [0x00000000ec480000,0x00000000ec480000,0x00000000eca00000)
 ParOldGen       total 68608K, used 10861K [0x00000000c0000000, 0x00000000c4300000, 0x00000000eab00000)
  object space 68608K, 15% used [0x00000000c0000000,0x00000000c0a9b638,0x00000000c4300000)
 Metaspace       used 21491K, committed 22144K, reserved 1114112K
  class space    used 1987K, committed 2240K, reserved 1048576K

Card table byte_map: [0x000001e8aec90000,0x000001e8aeea0000] _byte_map_base: 0x000001e8ae690000

Marking Bits: (ParMarkBitMap*) 0x00007ffc28982250
 Begin Bits: [0x000001e8c1610000, 0x000001e8c2610000)
 End Bits:   [0x000001e8c2610000, 0x000001e8c3610000)

Polling page: 0x000001e8aea80000

Metaspace:

Usage:
  Non-class:     19.05 MB used.
      Class:      1.94 MB used.
       Both:     20.99 MB used.

Virtual space:
  Non-class space:       64.00 MB reserved,      19.44 MB ( 30%) committed,  1 nodes.
      Class space:        1.00 GB reserved,       2.19 MB ( <1%) committed,  1 nodes.
             Both:        1.06 GB reserved,      21.62 MB (  2%) committed. 

Chunk freelists:
   Non-Class:  12.31 MB
       Class:  13.63 MB
        Both:  25.94 MB

MaxMetaspaceSize: unlimited
CompressedClassSpaceSize: 1.00 GB
Initial GC threshold: 21.00 MB
Current GC threshold: 35.00 MB
CDS: on
 - commit_granule_bytes: 65536.
 - commit_granule_words: 8192.
 - virtual_space_node_default_size: 8388608.
 - enlarge_chunks_in_place: 1.
 - use_allocation_guard: 0.


Internal statistics:

num_allocs_failed_limit: 3.
num_arena_births: 458.
num_arena_deaths: 14.
num_vsnodes_births: 2.
num_vsnodes_deaths: 0.
num_space_committed: 346.
num_space_uncommitted: 0.
num_chunks_returned_to_freelist: 17.
num_chunks_taken_from_freelist: 1248.
num_chunk_merges: 7.
num_chunk_splits: 825.
num_chunks_enlarged: 529.
num_inconsistent_stats: 0.

CodeHeap 'non-profiled nmethods': size=120000Kb used=1219Kb max_used=1219Kb free=118780Kb
 bounds [0x000001e8ba0e0000, 0x000001e8ba350000, 0x000001e8c1610000]
CodeHeap 'profiled nmethods': size=120000Kb used=5631Kb max_used=5631Kb free=114368Kb
 bounds [0x000001e8b2610000, 0x000001e8b2b90000, 0x000001e8b9b40000]
CodeHeap 'non-nmethods': size=5760Kb used=1320Kb max_used=1335Kb free=4439Kb
 bounds [0x000001e8b9b40000, 0x000001e8b9db0000, 0x000001e8ba0e0000]
 total_blobs=3416 nmethods=2822 adapters=500
 compilation: enabled
              stopped_count=0, restarted_count=0
 full_count=0

Compilation events (20 events):
Event: 2.919 Thread 0x000001e8c37f2f60 2784   !   3       java.lang.invoke.MethodHandleNatives::linkMethodHandleConstant (50 bytes)
Event: 2.919 Thread 0x000001e906b0df60 nmethod 2783 0x000001e8ba20ba90 code [0x000001e8ba20bc20, 0x000001e8ba20bd38]
Event: 2.919 Thread 0x000001e8c37f2f60 nmethod 2784 0x000001e8b2b7b890 code [0x000001e8b2b7ba60, 0x000001e8b2b7bc68]
Event: 2.919 Thread 0x000001e8c37f2f60 2785       3       java.lang.invoke.MethodHandles$Lookup::linkMethodHandleConstant (223 bytes)
Event: 2.921 Thread 0x000001e8c37f2f60 nmethod 2785 0x000001e8b2b7be10 code [0x000001e8b2b7c200, 0x000001e8b2b7d9b0]
Event: 2.922 Thread 0x000001e8c37f2f60 2786       1       sun.nio.fs.WindowsPath::getFileSystem (5 bytes)
Event: 2.922 Thread 0x000001e8c37f2f60 nmethod 2786 0x000001e8ba20be10 code [0x000001e8ba20bfa0, 0x000001e8ba20c068]
Event: 2.926 Thread 0x000001e906b0df60 2787       4       java.util.ImmutableCollections$SetN::probe (56 bytes)
Event: 2.927 Thread 0x000001e8c37f2f60 2788       3       java.lang.invoke.MethodHandles$Lookup::findBoundCallerLookup (30 bytes)
Event: 2.928 Thread 0x000001e8c37f2f60 nmethod 2788 0x000001e8b2b7e110 code [0x000001e8b2b7e320, 0x000001e8b2b7e958]
Event: 2.928 Thread 0x000001e8c37f2f60 2789       3       java.lang.invoke.MethodHandles$Lookup::getDirectMethodCommon (300 bytes)
Event: 2.931 Thread 0x000001e906b0df60 nmethod 2787 0x000001e8ba20c110 code [0x000001e8ba20c2c0, 0x000001e8ba20c538]
Event: 2.931 Thread 0x000001e8c37f2f60 nmethod 2789 0x000001e8b2b7eb90 code [0x000001e8b2b7ef00, 0x000001e8b2b80010]
Event: 2.934 Thread 0x000001e906b0df60 2790       4       java.util.LinkedHashMap::afterNodeInsertion (40 bytes)
Event: 2.934 Thread 0x000001e906b0df60 nmethod 2790 0x000001e8ba20c710 code [0x000001e8ba20c8a0, 0x000001e8ba20c948]
Event: 2.935 Thread 0x000001e906b0df60 2791       4       java.util.HashMap::putVal (300 bytes)
Event: 2.943 Thread 0x000001e906b0df60 nmethod 2791 0x000001e8ba20ca10 code [0x000001e8ba20cc40, 0x000001e8ba20d3f0]
Event: 2.943 Thread 0x000001e906b0df60 2794       4       java.util.LinkedHashMap::linkNodeAtEnd (76 bytes)
Event: 2.944 Thread 0x000001e906b0df60 nmethod 2794 0x000001e8ba20da90 code [0x000001e8ba20dc20, 0x000001e8ba20dd38]
Event: 2.945 Thread 0x000001e906b0df60 2792       4       java.util.LinkedHashMap::newNode (23 bytes)

GC Heap History (14 events):
Event: 0.932 GC heap before
{Heap before GC invocations=1 (full 0):
 PSYoungGen      total 29696K, used 25600K [0x00000000eab00000, 0x00000000ecc00000, 0x0000000100000000)
  eden space 25600K, 100% used [0x00000000eab00000,0x00000000ec400000,0x00000000ec400000)
  from space 4096K, 0% used [0x00000000ec800000,0x00000000ec800000,0x00000000ecc00000)
  to   space 4096K, 0% used [0x00000000ec400000,0x00000000ec400000,0x00000000ec800000)
 ParOldGen       total 68608K, used 0K [0x00000000c0000000, 0x00000000c4300000, 0x00000000eab00000)
  object space 68608K, 0% used [0x00000000c0000000,0x00000000c0000000,0x00000000c4300000)
 Metaspace       used 4343K, committed 4608K, reserved 1114112K
  class space    used 435K, committed 576K, reserved 1048576K
}
Event: 0.940 GC heap after
{Heap after GC invocations=1 (full 0):
 PSYoungGen      total 29696K, used 3375K [0x00000000eab00000, 0x00000000ecc00000, 0x0000000100000000)
  eden space 25600K, 0% used [0x00000000eab00000,0x00000000eab00000,0x00000000ec400000)
  from space 4096K, 82% used [0x00000000ec400000,0x00000000ec74be60,0x00000000ec800000)
  to   space 4096K, 0% used [0x00000000ec800000,0x00000000ec800000,0x00000000ecc00000)
 ParOldGen       total 68608K, used 16K [0x00000000c0000000, 0x00000000c4300000, 0x00000000eab00000)
  object space 68608K, 0% used [0x00000000c0000000,0x00000000c0004000,0x00000000c4300000)
 Metaspace       used 4343K, committed 4608K, reserved 1114112K
  class space    used 435K, committed 576K, reserved 1048576K
}
Event: 1.626 GC heap before
{Heap before GC invocations=2 (full 0):
 PSYoungGen      total 29696K, used 28975K [0x00000000eab00000, 0x00000000ecc00000, 0x0000000100000000)
  eden space 25600K, 100% used [0x00000000eab00000,0x00000000ec400000,0x00000000ec400000)
  from space 4096K, 82% used [0x00000000ec400000,0x00000000ec74be60,0x00000000ec800000)
  to   space 4096K, 0% used [0x00000000ec800000,0x00000000ec800000,0x00000000ecc00000)
 ParOldGen       total 68608K, used 16K [0x00000000c0000000, 0x00000000c4300000, 0x00000000eab00000)
  object space 68608K, 0% used [0x00000000c0000000,0x00000000c0004000,0x00000000c4300000)
 Metaspace       used 8276K, committed 8576K, reserved 1114112K
  class space    used 822K, committed 960K, reserved 1048576K
}
Event: 1.633 GC heap after
{Heap after GC invocations=2 (full 0):
 PSYoungGen      total 29696K, used 4091K [0x00000000eab00000, 0x00000000ecc00000, 0x0000000100000000)
  eden space 25600K, 0% used [0x00000000eab00000,0x00000000eab00000,0x00000000ec400000)
  from space 4096K, 99% used [0x00000000ec800000,0x00000000ecbfecf8,0x00000000ecc00000)
  to   space 4096K, 0% used [0x00000000ec400000,0x00000000ec400000,0x00000000ec800000)
 ParOldGen       total 68608K, used 1112K [0x00000000c0000000, 0x00000000c4300000, 0x00000000eab00000)
  object space 68608K, 1% used [0x00000000c0000000,0x00000000c0116168,0x00000000c4300000)
 Metaspace       used 8276K, committed 8576K, reserved 1114112K
  class space    used 822K, committed 960K, reserved 1048576K
}
Event: 2.103 GC heap before
{Heap before GC invocations=3 (full 0):
 PSYoungGen      total 29696K, used 29691K [0x00000000eab00000, 0x00000000ecc00000, 0x0000000100000000)
  eden space 25600K, 100% used [0x00000000eab00000,0x00000000ec400000,0x00000000ec400000)
  from space 4096K, 99% used [0x00000000ec800000,0x00000000ecbfecf8,0x00000000ecc00000)
  to   space 4096K, 0% used [0x00000000ec400000,0x00000000ec400000,0x00000000ec800000)
 ParOldGen       total 68608K, used 1112K [0x00000000c0000000, 0x00000000c4300000, 0x00000000eab00000)
  object space 68608K, 1% used [0x00000000c0000000,0x00000000c0116168,0x00000000c4300000)
 Metaspace       used 13124K, committed 13696K, reserved 1114112K
  class space    used 1328K, committed 1600K, reserved 1048576K
}
Event: 2.107 GC heap after
{Heap after GC invocations=3 (full 0):
 PSYoungGen      total 29696K, used 4076K [0x00000000eab00000, 0x00000000ecc00000, 0x0000000100000000)
  eden space 25600K, 0% used [0x00000000eab00000,0x00000000eab00000,0x00000000ec400000)
  from space 4096K, 99% used [0x00000000ec400000,0x00000000ec7fb270,0x00000000ec800000)
  to   space 4096K, 0% used [0x00000000ec800000,0x00000000ec800000,0x00000000ecc00000)
 ParOldGen       total 68608K, used 3047K [0x00000000c0000000, 0x00000000c4300000, 0x00000000eab00000)
  object space 68608K, 4% used [0x00000000c0000000,0x00000000c02f9c48,0x00000000c4300000)
 Metaspace       used 13124K, committed 13696K, reserved 1114112K
  class space    used 1328K, committed 1600K, reserved 1048576K
}
Event: 2.372 GC heap before
{Heap before GC invocations=4 (full 0):
 PSYoungGen      total 29696K, used 29676K [0x00000000eab00000, 0x00000000ecc00000, 0x0000000100000000)
  eden space 25600K, 100% used [0x00000000eab00000,0x00000000ec400000,0x00000000ec400000)
  from space 4096K, 99% used [0x00000000ec400000,0x00000000ec7fb270,0x00000000ec800000)
  to   space 4096K, 0% used [0x00000000ec800000,0x00000000ec800000,0x00000000ecc00000)
 ParOldGen       total 68608K, used 3047K [0x00000000c0000000, 0x00000000c4300000, 0x00000000eab00000)
  object space 68608K, 4% used [0x00000000c0000000,0x00000000c02f9c48,0x00000000c4300000)
 Metaspace       used 15689K, committed 16256K, reserved 1114112K
  class space    used 1565K, committed 1792K, reserved 1048576K
}
Event: 2.377 GC heap after
{Heap after GC invocations=4 (full 0):
 PSYoungGen      total 29696K, used 4087K [0x00000000eab00000, 0x00000000ecc00000, 0x0000000100000000)
  eden space 25600K, 0% used [0x00000000eab00000,0x00000000eab00000,0x00000000ec400000)
  from space 4096K, 99% used [0x00000000ec800000,0x00000000ecbfdf00,0x00000000ecc00000)
  to   space 4096K, 0% used [0x00000000ec400000,0x00000000ec400000,0x00000000ec800000)
 ParOldGen       total 68608K, used 5621K [0x00000000c0000000, 0x00000000c4300000, 0x00000000eab00000)
  object space 68608K, 8% used [0x00000000c0000000,0x00000000c057d700,0x00000000c4300000)
 Metaspace       used 15689K, committed 16256K, reserved 1114112K
  class space    used 1565K, committed 1792K, reserved 1048576K
}
Event: 2.654 GC heap before
{Heap before GC invocations=5 (full 0):
 PSYoungGen      total 29696K, used 29687K [0x00000000eab00000, 0x00000000ecc00000, 0x0000000100000000)
  eden space 25600K, 100% used [0x00000000eab00000,0x00000000ec400000,0x00000000ec400000)
  from space 4096K, 99% used [0x00000000ec800000,0x00000000ecbfdf00,0x00000000ecc00000)
  to   space 4096K, 0% used [0x00000000ec400000,0x00000000ec400000,0x00000000ec800000)
 ParOldGen       total 68608K, used 5621K [0x00000000c0000000, 0x00000000c4300000, 0x00000000eab00000)
  object space 68608K, 8% used [0x00000000c0000000,0x00000000c057d700,0x00000000c4300000)
 Metaspace       used 20161K, committed 20864K, reserved 1114112K
  class space    used 1882K, committed 2176K, reserved 1048576K
}
Event: 2.658 GC heap after
{Heap after GC invocations=5 (full 0):
 PSYoungGen      total 29184K, used 4088K [0x00000000eab00000, 0x00000000ed080000, 0x0000000100000000)
  eden space 25088K, 0% used [0x00000000eab00000,0x00000000eab00000,0x00000000ec380000)
  from space 4096K, 99% used [0x00000000ec400000,0x00000000ec7fe1f0,0x00000000ec800000)
  to   space 6656K, 0% used [0x00000000eca00000,0x00000000eca00000,0x00000000ed080000)
 ParOldGen       total 68608K, used 7502K [0x00000000c0000000, 0x00000000c4300000, 0x00000000eab00000)
  object space 68608K, 10% used [0x00000000c0000000,0x00000000c0753910,0x00000000c4300000)
 Metaspace       used 20161K, committed 20864K, reserved 1114112K
  class space    used 1882K, committed 2176K, reserved 1048576K
}
Event: 2.886 GC heap before
{Heap before GC invocations=6 (full 0):
 PSYoungGen      total 29184K, used 22803K [0x00000000eab00000, 0x00000000ed080000, 0x0000000100000000)
  eden space 25088K, 74% used [0x00000000eab00000,0x00000000ebd46be8,0x00000000ec380000)
  from space 4096K, 99% used [0x00000000ec400000,0x00000000ec7fe1f0,0x00000000ec800000)
  to   space 6656K, 0% used [0x00000000eca00000,0x00000000eca00000,0x00000000ed080000)
 ParOldGen       total 68608K, used 7502K [0x00000000c0000000, 0x00000000c4300000, 0x00000000eab00000)
  object space 68608K, 10% used [0x00000000c0000000,0x00000000c0753910,0x00000000c4300000)
 Metaspace       used 20935K, committed 21504K, reserved 1114112K
  class space    used 1939K, committed 2176K, reserved 1048576K
}
Event: 2.892 GC heap after
{Heap after GC invocations=6 (full 0):
 PSYoungGen      total 30720K, used 5201K [0x00000000eab00000, 0x00000000ecf80000, 0x0000000100000000)
  eden space 25088K, 0% used [0x00000000eab00000,0x00000000eab00000,0x00000000ec380000)
  from space 5632K, 92% used [0x00000000eca00000,0x00000000ecf14510,0x00000000ecf80000)
  to   space 5632K, 0% used [0x00000000ec480000,0x00000000ec480000,0x00000000eca00000)
 ParOldGen       total 68608K, used 7510K [0x00000000c0000000, 0x00000000c4300000, 0x00000000eab00000)
  object space 68608K, 10% used [0x00000000c0000000,0x00000000c0755910,0x00000000c4300000)
 Metaspace       used 20935K, committed 21504K, reserved 1114112K
  class space    used 1939K, committed 2176K, reserved 1048576K
}
Event: 2.892 GC heap before
{Heap before GC invocations=7 (full 1):
 PSYoungGen      total 30720K, used 5201K [0x00000000eab00000, 0x00000000ecf80000, 0x0000000100000000)
  eden space 25088K, 0% used [0x00000000eab00000,0x00000000eab00000,0x00000000ec380000)
  from space 5632K, 92% used [0x00000000eca00000,0x00000000ecf14510,0x00000000ecf80000)
  to   space 5632K, 0% used [0x00000000ec480000,0x00000000ec480000,0x00000000eca00000)
 ParOldGen       total 68608K, used 7510K [0x00000000c0000000, 0x00000000c4300000, 0x00000000eab00000)
  object space 68608K, 10% used [0x00000000c0000000,0x00000000c0755910,0x00000000c4300000)
 Metaspace       used 20935K, committed 21504K, reserved 1114112K
  class space    used 1939K, committed 2176K, reserved 1048576K
}
Event: 2.917 GC heap after
{Heap after GC invocations=7 (full 1):
 PSYoungGen      total 30720K, used 0K [0x00000000eab00000, 0x00000000ecf80000, 0x0000000100000000)
  eden space 25088K, 0% used [0x00000000eab00000,0x00000000eab00000,0x00000000ec380000)
  from space 5632K, 0% used [0x00000000eca00000,0x00000000eca00000,0x00000000ecf80000)
  to   space 5632K, 0% used [0x00000000ec480000,0x00000000ec480000,0x00000000eca00000)
 ParOldGen       total 68608K, used 10861K [0x00000000c0000000, 0x00000000c4300000, 0x00000000eab00000)
  object space 68608K, 15% used [0x00000000c0000000,0x00000000c0a9b638,0x00000000c4300000)
 Metaspace       used 20922K, committed 21504K, reserved 1114112K
  class space    used 1936K, committed 2176K, reserved 1048576K
}

Dll operation events (11 events):
Event: 0.019 Loaded shared library c:\Users\82109\.vscode\extensions\redhat.java-1.39.0-win32-x64\jre\21.0.5-win32-x86_64\bin\java.dll
Event: 0.056 Loaded shared library c:\Users\82109\.vscode\extensions\redhat.java-1.39.0-win32-x64\jre\21.0.5-win32-x86_64\bin\zip.dll
Event: 0.127 Loaded shared library C:\Users\82109\.vscode\extensions\redhat.java-1.39.0-win32-x64\jre\21.0.5-win32-x86_64\bin\instrument.dll
Event: 0.136 Loaded shared library C:\Users\82109\.vscode\extensions\redhat.java-1.39.0-win32-x64\jre\21.0.5-win32-x86_64\bin\net.dll
Event: 0.139 Loaded shared library C:\Users\82109\.vscode\extensions\redhat.java-1.39.0-win32-x64\jre\21.0.5-win32-x86_64\bin\nio.dll
Event: 0.143 Loaded shared library C:\Users\82109\.vscode\extensions\redhat.java-1.39.0-win32-x64\jre\21.0.5-win32-x86_64\bin\zip.dll
Event: 0.162 Loaded shared library C:\Users\82109\.vscode\extensions\redhat.java-1.39.0-win32-x64\jre\21.0.5-win32-x86_64\bin\jimage.dll
Event: 0.253 Loaded shared library c:\Users\82109\.vscode\extensions\redhat.java-1.39.0-win32-x64\jre\21.0.5-win32-x86_64\bin\verify.dll
Event: 1.583 Loaded shared library C:\Users\82109\AppData\Roaming\Code\User\globalStorage\redhat.java\1.39.0\config_ss_win\org.eclipse.equinox.launcher\org.eclipse.equinox.launcher.win32.win32.x86_64_1.2.1100.v20240722-2106\eclipse_11904.dll
Event: 2.093 Loaded shared library C:\Users\82109\.vscode\extensions\redhat.java-1.39.0-win32-x64\jre\21.0.5-win32-x86_64\bin\management.dll
Event: 2.099 Loaded shared library C:\Users\82109\.vscode\extensions\redhat.java-1.39.0-win32-x64\jre\21.0.5-win32-x86_64\bin\management_ext.dll

Deoptimization events (20 events):
Event: 2.816 Thread 0x000001e90b4be860 Uncommon trap: trap_request=0xffffff45 fr.pc=0x000001e8ba1dfd6c relative=0x000000000000012c
Event: 2.816 Thread 0x000001e90b4be860 Uncommon trap: reason=unstable_if action=reinterpret pc=0x000001e8ba1dfd6c method=java.lang.ThreadLocal.get(Ljava/lang/Thread;)Ljava/lang/Object; @ 7 c2
Event: 2.816 Thread 0x000001e90b4be860 DEOPT PACKING pc=0x000001e8ba1dfd6c sp=0x000000055cafe730
Event: 2.816 Thread 0x000001e90b4be860 DEOPT UNPACKING pc=0x000001e8b9b96da2 sp=0x000000055cafe6c8 mode 2
Event: 2.866 Thread 0x000001e906d27960 DEOPT PACKING pc=0x000001e8b29e6056 sp=0x000000055c4fd900
Event: 2.866 Thread 0x000001e906d27960 DEOPT UNPACKING pc=0x000001e8b9b978e2 sp=0x000000055c4fce10 mode 0
Event: 2.870 Thread 0x000001e906d27960 DEOPT PACKING pc=0x000001e8b29e6035 sp=0x000000055c4fd9c0
Event: 2.870 Thread 0x000001e906d27960 DEOPT UNPACKING pc=0x000001e8b9b978e2 sp=0x000000055c4fced0 mode 0
Event: 2.875 Thread 0x000001e906d27960 Uncommon trap: trap_request=0xffffff45 fr.pc=0x000001e8ba109250 relative=0x0000000000000470
Event: 2.875 Thread 0x000001e906d27960 Uncommon trap: reason=unstable_if action=reinterpret pc=0x000001e8ba109250 method=java.lang.StringLatin1.canEncode(I)Z @ 4 c2
Event: 2.875 Thread 0x000001e906d27960 DEOPT PACKING pc=0x000001e8ba109250 sp=0x000000055c4fe7d0
Event: 2.875 Thread 0x000001e906d27960 DEOPT UNPACKING pc=0x000001e8b9b96da2 sp=0x000000055c4fe708 mode 2
Event: 2.875 Thread 0x000001e906d27960 Uncommon trap: trap_request=0xffffff45 fr.pc=0x000001e8ba107030 relative=0x0000000000000450
Event: 2.875 Thread 0x000001e906d27960 Uncommon trap: reason=unstable_if action=reinterpret pc=0x000001e8ba107030 method=java.lang.AbstractStringBuilder.isLatin1()Z @ 10 c2
Event: 2.875 Thread 0x000001e906d27960 DEOPT PACKING pc=0x000001e8ba107030 sp=0x000000055c4fe7f0
Event: 2.875 Thread 0x000001e906d27960 DEOPT UNPACKING pc=0x000001e8b9b96da2 sp=0x000000055c4fe780 mode 2
Event: 2.931 Thread 0x000001e906d27960 Uncommon trap: trap_request=0xffffff45 fr.pc=0x000001e8ba207728 relative=0x0000000000000928
Event: 2.931 Thread 0x000001e906d27960 Uncommon trap: reason=unstable_if action=reinterpret pc=0x000001e8ba207728 method=java.util.regex.Pattern$BmpCharPropertyGreedy.match(Ljava/util/regex/Matcher;ILjava/lang/CharSequence;)Z @ 12 c2
Event: 2.931 Thread 0x000001e906d27960 DEOPT PACKING pc=0x000001e8ba207728 sp=0x000000055c4fdb70
Event: 2.931 Thread 0x000001e906d27960 DEOPT UNPACKING pc=0x000001e8b9b96da2 sp=0x000000055c4fda58 mode 2

Classes loaded (20 events):
Event: 2.942 Loading class java/nio/channels/NetworkChannel
Event: 2.942 Loading class java/nio/channels/NetworkChannel done
Event: 2.942 Loading class java/nio/channels/spi/AbstractSelectableChannel
Event: 2.942 Loading class java/nio/channels/SelectableChannel
Event: 2.942 Loading class java/nio/channels/SelectableChannel done
Event: 2.942 Loading class java/nio/channels/spi/AbstractSelectableChannel done
Event: 2.942 Loading class java/nio/channels/SocketChannel done
Event: 2.942 Loading class sun/nio/ch/SocketChannelImpl done
Event: 2.942 Loading class sun/nio/ch/ChannelOutputStream
Event: 2.942 Loading class sun/nio/ch/ChannelOutputStream done
Event: 2.942 Loading class sun/nio/ch/Util
Event: 2.942 Loading class sun/nio/ch/Util done
Event: 2.942 Loading class sun/nio/ch/Util$1
Event: 2.942 Loading class sun/nio/ch/Util$1 done
Event: 2.942 Loading class sun/nio/ch/Util$BufferCache
Event: 2.942 Loading class sun/nio/ch/Util$BufferCache done
Event: 2.942 Loading class java/nio/DirectByteBuffer$Deallocator
Event: 2.943 Loading class java/nio/DirectByteBuffer$Deallocator done
Event: 2.943 Loading class sun/nio/ch/IOStatus
Event: 2.943 Loading class sun/nio/ch/IOStatus done

Classes unloaded (7 events):
Event: 2.898 Thread 0x000001e8af361990 Unloading class 0x000001e8c5186800 'java/lang/invoke/LambdaForm$MH+0x000001e8c5186800'
Event: 2.898 Thread 0x000001e8af361990 Unloading class 0x000001e8c5186400 'java/lang/invoke/LambdaForm$MH+0x000001e8c5186400'
Event: 2.898 Thread 0x000001e8af361990 Unloading class 0x000001e8c5186000 'java/lang/invoke/LambdaForm$MH+0x000001e8c5186000'
Event: 2.898 Thread 0x000001e8af361990 Unloading class 0x000001e8c5185c00 'java/lang/invoke/LambdaForm$MH+0x000001e8c5185c00'
Event: 2.898 Thread 0x000001e8af361990 Unloading class 0x000001e8c5185800 'java/lang/invoke/LambdaForm$BMH+0x000001e8c5185800'
Event: 2.898 Thread 0x000001e8af361990 Unloading class 0x000001e8c5185400 'java/lang/invoke/LambdaForm$DMH+0x000001e8c5185400'
Event: 2.898 Thread 0x000001e8af361990 Unloading class 0x000001e8c5184400 'java/lang/invoke/LambdaForm$DMH+0x000001e8c5184400'

Classes redefined (0 events):
No events

Internal exceptions (20 events):
Event: 2.211 Thread 0x000001e906d27960 Exception <a 'java/lang/NoSuchMethodError'{0x00000000eb2465a0}: 'java.lang.Object java.lang.invoke.Invokers$Holder.linkToTargetMethod(java.lang.Object, java.lang.Object, int, java.lang.Object, java.lang.Object)'> (0x00000000eb2465a0) 
thrown [s\src\hotspot\share\interpreter\linkResolver.cpp, line 773]
Event: 2.212 Thread 0x000001e90b31d0e0 Exception <a 'java/lang/NoSuchMethodError'{0x00000000eb0024b0}: 'java.lang.Object java.lang.invoke.DirectMethodHandle$Holder.invokeSpecial(java.lang.Object, java.lang.Object, int, java.lang.Object, java.lang.Object)'> (0x00000000eb0024b0) 
thrown [s\src\hotspot\share\interpreter\linkResolver.cpp, line 773]
Event: 2.214 Thread 0x000001e90b31d0e0 Exception <a 'java/lang/NoSuchMethodError'{0x00000000eb0091e8}: 'java.lang.Object java.lang.invoke.DirectMethodHandle$Holder.newInvokeSpecial(java.lang.Object, java.lang.Object, int, java.lang.Object)'> (0x00000000eb0091e8) 
thrown [s\src\hotspot\share\interpreter\linkResolver.cpp, line 773]
Event: 2.245 Thread 0x000001e906d27960 Exception <a 'java/lang/NoSuchMethodError'{0x00000000eb375040}: 'void java.lang.invoke.DirectMethodHandle$Holder.invokeSpecial(java.lang.Object, java.lang.Object, java.lang.Object, java.lang.Object, java.lang.Object)'> (0x00000000eb375040) 
thrown [s\src\hotspot\share\interpreter\linkResolver.cpp, line 773]
Event: 2.273 Thread 0x000001e906d27960 Exception <a 'java/lang/NoSuchMethodError'{0x00000000eb50eb90}: 'double java.lang.invoke.DirectMethodHandle$Holder.invokeStatic(java.lang.Object, java.lang.Object)'> (0x00000000eb50eb90) 
thrown [s\src\hotspot\share\interpreter\linkResolver.cpp, line 773]
Event: 2.274 Thread 0x000001e906d27960 Exception <a 'java/lang/NoSuchMethodError'{0x00000000eb512250}: 'double java.lang.invoke.DirectMethodHandle$Holder.invokeStaticInit(java.lang.Object, java.lang.Object)'> (0x00000000eb512250) 
thrown [s\src\hotspot\share\interpreter\linkResolver.cpp, line 773]
Event: 2.388 Thread 0x000001e906d27960 Exception <a 'java/io/FileNotFoundException'{0x00000000eabfff50}> (0x00000000eabfff50) 
thrown [s\src\hotspot\share\prims\jni.cpp, line 520]
Event: 2.388 Thread 0x000001e906d27960 Exception <a 'java/io/FileNotFoundException'{0x00000000eac010b8}> (0x00000000eac010b8) 
thrown [s\src\hotspot\share\prims\jni.cpp, line 520]
Event: 2.388 Thread 0x000001e906d27960 Exception <a 'java/io/FileNotFoundException'{0x00000000eac02310}> (0x00000000eac02310) 
thrown [s\src\hotspot\share\prims\jni.cpp, line 520]
Event: 2.486 Thread 0x000001e906d27960 Exception <a 'java/lang/NoSuchMethodError'{0x00000000eb514cb0}: 'int java.lang.invoke.DirectMethodHandle$Holder.invokeStaticInit(java.lang.Object, java.lang.Object, java.lang.Object)'> (0x00000000eb514cb0) 
thrown [s\src\hotspot\share\interpreter\linkResolver.cpp, line 773]
Event: 2.503 Thread 0x000001e90b31d0e0 Implicit null exception at 0x000001e8ba1e800b to 0x000001e8ba1e80d0
Event: 2.529 Thread 0x000001e906d27960 Implicit null exception at 0x000001e8ba1e9ff5 to 0x000001e8ba1ea108
Event: 2.617 Thread 0x000001e906d27960 Exception <a 'java/io/FileNotFoundException'{0x00000000ec0af6d0}> (0x00000000ec0af6d0) 
thrown [s\src\hotspot\share\prims\jni.cpp, line 520]
Event: 2.618 Thread 0x000001e906d27960 Exception <a 'java/lang/NoSuchMethodError'{0x00000000ec0b7300}: 'java.lang.Object java.lang.invoke.DirectMethodHandle$Holder.newInvokeSpecial(java.lang.Object, int, java.lang.Object, java.lang.Object)'> (0x00000000ec0b7300) 
thrown [s\src\hotspot\share\interpreter\linkResolver.cpp, line 773]
Event: 2.669 Thread 0x000001e906d27960 Exception <a 'java/io/FileNotFoundException'{0x00000000eb366500}> (0x00000000eb366500) 
thrown [s\src\hotspot\share\prims\jni.cpp, line 520]
Event: 2.816 Thread 0x000001e90b4be860 Implicit null exception at 0x000001e8ba1dfc87 to 0x000001e8ba1dfd54
Event: 2.841 Thread 0x000001e906d27960 Exception <a 'java/io/FileNotFoundException'{0x00000000ebb24d88}> (0x00000000ebb24d88) 
thrown [s\src\hotspot\share\prims\jni.cpp, line 520]
Event: 2.921 Thread 0x000001e906d27960 Exception <a 'sun/nio/fs/WindowsException'{0x00000000eab0ec30}> (0x00000000eab0ec30) 
thrown [s\src\hotspot\share\prims\jni.cpp, line 520]
Event: 2.921 Thread 0x000001e906d27960 Exception <a 'sun/nio/fs/WindowsException'{0x00000000eab127c8}> (0x00000000eab127c8) 
thrown [s\src\hotspot\share\prims\jni.cpp, line 520]
Event: 2.940 Thread 0x000001e906d27960 Exception <a 'sun/nio/fs/WindowsException'{0x00000000eac03ae8}> (0x00000000eac03ae8) 
thrown [s\src\hotspot\share\prims\jni.cpp, line 520]

ZGC Phase Switch (0 events):
No events

VM Operations (20 events):
Event: 1.710 Executing VM operation: HandshakeAllThreads (Deoptimize)
Event: 1.710 Executing VM operation: HandshakeAllThreads (Deoptimize) done
Event: 1.907 Executing VM operation: HandshakeAllThreads (Deoptimize)
Event: 1.907 Executing VM operation: HandshakeAllThreads (Deoptimize) done
Event: 2.103 Executing VM operation: ParallelGCFailedAllocation (Allocation Failure)
Event: 2.107 Executing VM operation: ParallelGCFailedAllocation (Allocation Failure) done
Event: 2.188 Executing VM operation: HandshakeAllThreads (Deoptimize)
Event: 2.188 Executing VM operation: HandshakeAllThreads (Deoptimize) done
Event: 2.201 Executing VM operation: HandshakeAllThreads (Deoptimize)
Event: 2.201 Executing VM operation: HandshakeAllThreads (Deoptimize) done
Event: 2.372 Executing VM operation: ParallelGCFailedAllocation (Allocation Failure)
Event: 2.377 Executing VM operation: ParallelGCFailedAllocation (Allocation Failure) done
Event: 2.654 Executing VM operation: ParallelGCFailedAllocation (Allocation Failure)
Event: 2.658 Executing VM operation: ParallelGCFailedAllocation (Allocation Failure) done
Event: 2.786 Executing VM operation: HandshakeAllThreads (Deoptimize)
Event: 2.786 Executing VM operation: HandshakeAllThreads (Deoptimize) done
Event: 2.881 Executing VM operation: HandshakeAllThreads (Deoptimize)
Event: 2.881 Executing VM operation: HandshakeAllThreads (Deoptimize) done
Event: 2.886 Executing VM operation: CollectForMetadataAllocation (Metadata GC Threshold)
Event: 2.917 Executing VM operation: CollectForMetadataAllocation (Metadata GC Threshold) done

Memory protections (0 events):
No events

Nmethod flushes (0 events):
No events

Events (20 events):
Event: 0.069 Thread 0x000001e8af2ca770 Thread added: 0x000001e8c37e27e0
Event: 0.069 Thread 0x000001e8af2ca770 Thread added: 0x000001e8c37e4bb0
Event: 0.069 Thread 0x000001e8af2ca770 Thread added: 0x000001e8c37e9470
Event: 0.069 Thread 0x000001e8af2ca770 Thread added: 0x000001e8c37eb8f0
Event: 0.069 Thread 0x000001e8af2ca770 Thread added: 0x000001e8c37f2f60
Event: 0.090 Thread 0x000001e8af2ca770 Thread added: 0x000001e906361130
Event: 0.352 Thread 0x000001e8af2ca770 Thread added: 0x000001e9065d0340
Event: 0.709 Thread 0x000001e8c37f2f60 Thread added: 0x000001e9068ad290
Event: 1.006 Thread 0x000001e9068ad290 Thread exited: 0x000001e9068ad290
Event: 1.381 Thread 0x000001e8af2ca770 Thread added: 0x000001e906a707a0
Event: 1.465 Thread 0x000001e8c37f2f60 Thread added: 0x000001e906b0df60
Event: 1.549 Thread 0x000001e8af2ca770 Thread added: 0x000001e90b026be0
Event: 1.553 Thread 0x000001e8af2ca770 Thread added: 0x000001e906d27960
Event: 1.603 Thread 0x000001e906d27960 Thread added: 0x000001e906b63140
Event: 1.702 Thread 0x000001e906d27960 Thread added: 0x000001e906bc7520
Event: 1.936 Thread 0x000001e906d27960 Thread added: 0x000001e906bba1d0
Event: 2.179 Thread 0x000001e906d27960 Thread added: 0x000001e90b31d0e0
Event: 2.215 Thread 0x000001e906d27960 Thread added: 0x000001e90b4be860
Event: 2.815 Thread 0x000001e906d27960 Thread added: 0x000001e90bcfeab0
Event: 2.947 Thread 0x000001e90bcfeab0 Thread exited: 0x000001e90bcfeab0


Dynamic libraries:
0x00007ff737130000 - 0x00007ff73713e000 	c:\Users\82109\.vscode\extensions\redhat.java-1.39.0-win32-x64\jre\21.0.5-win32-x86_64\bin\java.exe
0x00007ffcf2e50000 - 0x00007ffcf3067000 	C:\WINDOWS\SYSTEM32\ntdll.dll
0x00007ffcf21b0000 - 0x00007ffcf2274000 	C:\WINDOWS\System32\KERNEL32.DLL
0x00007ffcf0300000 - 0x00007ffcf06ba000 	C:\WINDOWS\System32\KERNELBASE.dll
0x00007ffcf0140000 - 0x00007ffcf0251000 	C:\WINDOWS\System32\ucrtbase.dll
0x00007ffca8070000 - 0x00007ffca8088000 	c:\Users\82109\.vscode\extensions\redhat.java-1.39.0-win32-x64\jre\21.0.5-win32-x86_64\bin\jli.dll
0x00007ffca7fb0000 - 0x00007ffca7fce000 	c:\Users\82109\.vscode\extensions\redhat.java-1.39.0-win32-x64\jre\21.0.5-win32-x86_64\bin\VCRUNTIME140.dll
0x00007ffcf1190000 - 0x00007ffcf133e000 	C:\WINDOWS\System32\USER32.dll
0x00007ffcf0110000 - 0x00007ffcf0136000 	C:\WINDOWS\System32\win32u.dll
0x00007ffcf13d0000 - 0x00007ffcf13f9000 	C:\WINDOWS\System32\GDI32.dll
0x00007ffccb470000 - 0x00007ffccb702000 	C:\WINDOWS\WinSxS\amd64_microsoft.windows.common-controls_6595b64144ccf1df_6.0.22621.4541_none_2710d1c57384c085\COMCTL32.dll
0x00007ffcf0a20000 - 0x00007ffcf0b3b000 	C:\WINDOWS\System32\gdi32full.dll
0x00007ffcf0260000 - 0x00007ffcf02fa000 	C:\WINDOWS\System32\msvcp_win.dll
0x00007ffcf10d0000 - 0x00007ffcf1177000 	C:\WINDOWS\System32\msvcrt.dll
0x00007ffcf2dd0000 - 0x00007ffcf2e01000 	C:\WINDOWS\System32\IMM32.DLL
0x00007ffcda5c0000 - 0x00007ffcda5cc000 	c:\Users\82109\.vscode\extensions\redhat.java-1.39.0-win32-x64\jre\21.0.5-win32-x86_64\bin\vcruntime140_1.dll
0x00007ffc60230000 - 0x00007ffc602bd000 	c:\Users\82109\.vscode\extensions\redhat.java-1.39.0-win32-x64\jre\21.0.5-win32-x86_64\bin\msvcp140.dll
0x00007ffc27cd0000 - 0x00007ffc28a5f000 	c:\Users\82109\.vscode\extensions\redhat.java-1.39.0-win32-x64\jre\21.0.5-win32-x86_64\bin\server\jvm.dll
0x00007ffcf2390000 - 0x00007ffcf2442000 	C:\WINDOWS\System32\ADVAPI32.dll
0x00007ffcf0c30000 - 0x00007ffcf0cd7000 	C:\WINDOWS\System32\sechost.dll
0x00007ffcf0970000 - 0x00007ffcf0998000 	C:\WINDOWS\System32\bcrypt.dll
0x00007ffcf1e50000 - 0x00007ffcf1f64000 	C:\WINDOWS\System32\RPCRT4.dll
0x00007ffcf0e90000 - 0x00007ffcf0f01000 	C:\WINDOWS\System32\WS2_32.dll
0x00007ffceefa0000 - 0x00007ffceefed000 	C:\WINDOWS\SYSTEM32\POWRPROF.dll
0x00007ffce65c0000 - 0x00007ffce65f4000 	C:\WINDOWS\SYSTEM32\WINMM.dll
0x00007ffce36a0000 - 0x00007ffce36aa000 	C:\WINDOWS\SYSTEM32\VERSION.dll
0x00007ffceef80000 - 0x00007ffceef93000 	C:\WINDOWS\SYSTEM32\UMPDC.dll
0x00007ffcef240000 - 0x00007ffcef258000 	C:\WINDOWS\SYSTEM32\kernel.appcore.dll
0x00007ffccb270000 - 0x00007ffccb27a000 	c:\Users\82109\.vscode\extensions\redhat.java-1.39.0-win32-x64\jre\21.0.5-win32-x86_64\bin\jimage.dll
0x00007ffcedac0000 - 0x00007ffcedcf2000 	C:\WINDOWS\SYSTEM32\DBGHELP.DLL
0x00007ffcf2950000 - 0x00007ffcf2ce1000 	C:\WINDOWS\System32\combase.dll
0x00007ffcf2cf0000 - 0x00007ffcf2dc7000 	C:\WINDOWS\System32\OLEAUT32.dll
0x00007ffcd1eb0000 - 0x00007ffcd1ee2000 	C:\WINDOWS\SYSTEM32\dbgcore.DLL
0x00007ffcf09a0000 - 0x00007ffcf0a1b000 	C:\WINDOWS\System32\bcryptPrimitives.dll
0x00007ffcb6a50000 - 0x00007ffcb6a5f000 	c:\Users\82109\.vscode\extensions\redhat.java-1.39.0-win32-x64\jre\21.0.5-win32-x86_64\bin\instrument.dll
0x00007ffca4a20000 - 0x00007ffca4a3f000 	c:\Users\82109\.vscode\extensions\redhat.java-1.39.0-win32-x64\jre\21.0.5-win32-x86_64\bin\java.dll
0x00007ffcf15d0000 - 0x00007ffcf1e49000 	C:\WINDOWS\System32\SHELL32.dll
0x00007ffcedef0000 - 0x00007ffcee7f9000 	C:\WINDOWS\SYSTEM32\windows.storage.dll
0x00007ffcee840000 - 0x00007ffcee97f000 	C:\WINDOWS\SYSTEM32\wintypes.dll
0x00007ffcf0d90000 - 0x00007ffcf0e8a000 	C:\WINDOWS\System32\SHCORE.dll
0x00007ffcf0bd0000 - 0x00007ffcf0c2e000 	C:\WINDOWS\System32\shlwapi.dll
0x00007ffcf0040000 - 0x00007ffcf006b000 	C:\WINDOWS\SYSTEM32\profapi.dll
0x00007ffca35d0000 - 0x00007ffca35e8000 	c:\Users\82109\.vscode\extensions\redhat.java-1.39.0-win32-x64\jre\21.0.5-win32-x86_64\bin\zip.dll
0x00007ffcb0640000 - 0x00007ffcb0650000 	C:\Users\82109\.vscode\extensions\redhat.java-1.39.0-win32-x64\jre\21.0.5-win32-x86_64\bin\net.dll
0x00007ffce9460000 - 0x00007ffce9596000 	C:\WINDOWS\SYSTEM32\WINHTTP.dll
0x00007ffcef6c0000 - 0x00007ffcef729000 	C:\WINDOWS\system32\mswsock.dll
0x00007ffc9e060000 - 0x00007ffc9e076000 	C:\Users\82109\.vscode\extensions\redhat.java-1.39.0-win32-x64\jre\21.0.5-win32-x86_64\bin\nio.dll
0x00007ffcae430000 - 0x00007ffcae440000 	c:\Users\82109\.vscode\extensions\redhat.java-1.39.0-win32-x64\jre\21.0.5-win32-x86_64\bin\verify.dll
0x00007ffca3de0000 - 0x00007ffca3e25000 	C:\Users\82109\AppData\Roaming\Code\User\globalStorage\redhat.java\1.39.0\config_ss_win\org.eclipse.equinox.launcher\org.eclipse.equinox.launcher.win32.win32.x86_64_1.2.1100.v20240722-2106\eclipse_11904.dll
0x00007ffcf2000000 - 0x00007ffcf21a5000 	C:\WINDOWS\System32\ole32.dll
0x00007ffcab510000 - 0x00007ffcab51a000 	C:\Users\82109\.vscode\extensions\redhat.java-1.39.0-win32-x64\jre\21.0.5-win32-x86_64\bin\management.dll
0x00007ffca9db0000 - 0x00007ffca9dbb000 	C:\Users\82109\.vscode\extensions\redhat.java-1.39.0-win32-x64\jre\21.0.5-win32-x86_64\bin\management_ext.dll
0x00007ffcf2380000 - 0x00007ffcf2388000 	C:\WINDOWS\System32\PSAPI.DLL
0x00007ffcef920000 - 0x00007ffcef93b000 	C:\WINDOWS\SYSTEM32\CRYPTSP.dll
0x00007ffcef1a0000 - 0x00007ffcef1d5000 	C:\WINDOWS\system32\rsaenh.dll
0x00007ffcef7b0000 - 0x00007ffcef7d8000 	C:\WINDOWS\SYSTEM32\USERENV.dll
0x00007ffcef910000 - 0x00007ffcef91c000 	C:\WINDOWS\SYSTEM32\CRYPTBASE.dll
0x00007ffceec40000 - 0x00007ffceec6d000 	C:\WINDOWS\SYSTEM32\IPHLPAPI.DLL
0x00007ffcf1400000 - 0x00007ffcf1409000 	C:\WINDOWS\System32\NSI.dll

dbghelp: loaded successfully - version: 4.0.5 - missing functions: none
symbol engine: initialized successfully - sym options: 0x614 - pdb path: .;c:\Users\82109\.vscode\extensions\redhat.java-1.39.0-win32-x64\jre\21.0.5-win32-x86_64\bin;C:\WINDOWS\SYSTEM32;C:\WINDOWS\WinSxS\amd64_microsoft.windows.common-controls_6595b64144ccf1df_6.0.22621.4541_none_2710d1c57384c085;c:\Users\82109\.vscode\extensions\redhat.java-1.39.0-win32-x64\jre\21.0.5-win32-x86_64\bin\server;C:\Users\82109\AppData\Roaming\Code\User\globalStorage\redhat.java\1.39.0\config_ss_win\org.eclipse.equinox.launcher\org.eclipse.equinox.launcher.win32.win32.x86_64_1.2.1100.v20240722-2106

VM Arguments:
jvm_args: --add-modules=ALL-SYSTEM --add-opens=java.base/java.util=ALL-UNNAMED --add-opens=java.base/java.lang=ALL-UNNAMED --add-opens=java.base/sun.nio.fs=ALL-UNNAMED -Declipse.application=org.eclipse.jdt.ls.core.id1 -Dosgi.bundles.defaultStartLevel=4 -Declipse.product=org.eclipse.jdt.ls.core.product -Djava.import.generatesMetadataFilesAtProjectRoot=false -DDetectVMInstallationsJob.disabled=true -Dfile.encoding=utf8 -XX:+UseParallelGC -XX:GCTimeRatio=4 -XX:AdaptiveSizePolicyWeight=90 -Dsun.zip.disableMemoryMapping=true -Xmx1G -Xms100m -Xlog:disable -javaagent:c:\Users\82109\.vscode\extensions\redhat.java-1.39.0-win32-x64\lombok\lombok-1.18.34.jar 
java_command: c:\Users\82109\.vscode\extensions\redhat.java-1.39.0-win32-x64\server\plugins\org.eclipse.equinox.launcher_1.6.900.v20240613-2009.jar -configuration c:\Users\82109\AppData\Roaming\Code\User\globalStorage\redhat.java\1.39.0\config_ss_win -data c:\Users\82109\AppData\Roaming\Code\User\workspaceStorage\d54276818d8b07d454bb75c96debdf9e\redhat.java\ss_ws --pipe=\\.\pipe\lsp-e30675db8b51f2f6f2383834d2525a9d-sock
java_class_path (initial): c:\Users\82109\.vscode\extensions\redhat.java-1.39.0-win32-x64\server\plugins\org.eclipse.equinox.launcher_1.6.900.v20240613-2009.jar
Launcher Type: SUN_STANDARD

[Global flags]
    uintx AdaptiveSizePolicyWeight                 = 90                                        {product} {command line}
     intx CICompilerCount                          = 4                                         {product} {ergonomic}
    uintx GCTimeRatio                              = 4                                         {product} {command line}
   size_t InitialHeapSize                          = 104857600                                 {product} {command line}
   size_t MaxHeapSize                              = 1073741824                                {product} {command line}
   size_t MaxNewSize                               = 357564416                                 {product} {ergonomic}
   size_t MinHeapDeltaBytes                        = 524288                                    {product} {ergonomic}
   size_t MinHeapSize                              = 104857600                                 {product} {command line}
   size_t NewSize                                  = 34603008                                  {product} {ergonomic}
    uintx NonNMethodCodeHeapSize                   = 5839372                                {pd product} {ergonomic}
    uintx NonProfiledCodeHeapSize                  = 122909434                              {pd product} {ergonomic}
   size_t OldSize                                  = 70254592                                  {product} {ergonomic}
    uintx ProfiledCodeHeapSize                     = 122909434                              {pd product} {ergonomic}
    uintx ReservedCodeCacheSize                    = 251658240                              {pd product} {ergonomic}
     bool SegmentedCodeCache                       = true                                      {product} {ergonomic}
   size_t SoftMaxHeapSize                          = 1073741824                             {manageable} {ergonomic}
     bool UseCompressedOops                        = true                           {product lp64_product} {ergonomic}
     bool UseLargePagesIndividualAllocation        = false                                  {pd product} {ergonomic}
     bool UseParallelGC                            = true                                      {product} {command line}

Logging:
Log output configuration:
 #0: stdout all=off uptime,level,tags foldmultilines=false
 #1: stderr all=off uptime,level,tags foldmultilines=false

Environment Variables:
JAVA_HOME=C:\Program Files\Java\jdk-21
PATH=C:\Users\82109\bin;C:\Program Files\Git\mingw64\bin;C:\Program Files\Git\usr\local\bin;C:\Program Files\Git\usr\bin;C:\Program Files\Git\usr\bin;C:\Program Files\Git\mingw64\bin;C:\Program Files\Git\usr\bin;C:\Users\82109\bin;C:\Program Files (x86)\Windows Resource Kits\Tools;C:\Program Files (x86)\NAT Service;C:\Program Files\Common Files\Oracle\Java\javapath;C:\WINDOWS\system32;C:\WINDOWS;C:\WINDOWS\System32\Wbem;C:\WINDOWS\System32\WindowsPowerShell\v1.0;C:\WINDOWS\System32\OpenSSH;C:\Program Files (x86)\Microsoft SQL Server\150\DTS\Binn;C:\Program Files\Azure Data Studio\bin;C:\Program Files\Microsoft SQL Server\Client SDK\ODBC\170\Tools\Binn;C:\Program Files (x86)\Microsoft SQL Server\150\Tools\Binn;C:\Program Files\Microsoft SQL Server\150\Tools\Binn;C:\Program Files\Microsoft SQL Server\150\DTS\Binn;C:\WINDOWS\system32;C:\WINDOWS;C:\WINDOWS\System32\Wbem;C:\WINDOWS\System32\WindowsPowerShell\v1.0;C:\WINDOWS\System32\OpenSSH;C:\Program Files\dotnet;C:\Program Files (x86)\Windows Kits\10\Windows Performance Toolkit;C:\Program Files\Git\cmd;C:\Program Files\nodejs;C:\Program Files\Java\jdk-21\bin;C:\Users\82109\AppData\Local\Programs\Python\Python310\Scripts;C:\Users\82109\AppData\Local\Programs\Python\Python310;C:\Users\82109\AppData\Local\Microsoft\WindowsApps;C:\Users\82109\AppData\Local\Programs\Microsoft VS Code\bin;C:\Program Files\JetBrains\PyCharm Community Edition 2024.2\bin;C:\Program Files\Azure Data Studio\bin;C:\Users\82109\.dotnet\tools;C:\Users\82109\AppData\Local\GitHubDesktop\bin;D:\MariaDB\bin;C:\Users\82109\AppData\Roaming\npm;C:\Program Files\JetBrains\IntelliJ IDEA Community Edition 2024.3.2.2\bin;C:\Program Files (x86)\ESTsoft\ALSee\x64;C:\Program Files\Git\usr\bin\vendor_perl;C:\Program Files\Git\usr\bin\core_perl
USERNAME=jh
SHELL=C:\Program Files\Git\usr\bin\bash.exe
DISPLAY=needs-to-be-defined
LC_CTYPE=ko_KR.UTF-8
TERM=xterm
TMPDIR=C:\Users\82109\AppData\Local\Temp
OS=Windows_NT
PROCESSOR_IDENTIFIER=Intel64 Family 6 Model 140 Stepping 1, GenuineIntel
TMP=C:\Users\82109\AppData\Local\Temp
TEMP=C:\Users\82109\AppData\Local\Temp




Periodic native trim disabled

---------------  S Y S T E M  ---------------

OS:
 Windows 11 , 64 bit Build 22621 (10.0.22621.4391)
OS uptime: 7 days 1:20 hours

CPU: total 8 (initial active 8) (4 cores per cpu, 2 threads per core) family 6 model 140 stepping 1 microcode 0xb4, cx8, cmov, fxsr, ht, mmx, 3dnowpref, sse, sse2, sse3, ssse3, sse4.1, sse4.2, popcnt, lzcnt, tsc, tscinvbit, avx, avx2, aes, erms, clmul, bmi1, bmi2, adx, avx512f, avx512dq, avx512cd, avx512bw, avx512vl, sha, fma, vzeroupper, avx512_vpopcntdq, avx512_vpclmulqdq, avx512_vaes, avx512_vnni, clflush, clflushopt, clwb, avx512_vbmi2, avx512_vbmi, rdtscp, rdpid, fsrm, gfni, avx512_bitalg, f16c, pku, cet_ibt, cet_ss, avx512_ifma
Processor Information for processor 0
  Max Mhz: 2419, Current Mhz: 1007, Mhz Limit: 2419
Processor Information for processor 1
  Max Mhz: 2419, Current Mhz: 2419, Mhz Limit: 2419
Processor Information for processor 2
  Max Mhz: 2419, Current Mhz: 2419, Mhz Limit: 2419
Processor Information for processor 3
  Max Mhz: 2419, Current Mhz: 1007, Mhz Limit: 2419
Processor Information for processor 4
  Max Mhz: 2419, Current Mhz: 2419, Mhz Limit: 2419
Processor Information for processor 5
  Max Mhz: 2419, Current Mhz: 2419, Mhz Limit: 2419
Processor Information for processor 6
  Max Mhz: 2419, Current Mhz: 2419, Mhz Limit: 2419
Processor Information for processor 7
  Max Mhz: 2419, Current Mhz: 2419, Mhz Limit: 2419

Memory: 4k page, system-wide physical 7865M (328M free)
TotalPageFile size 32441M (AvailPageFile size 2M)
current process WorkingSet (physical memory assigned to process): 151M, peak: 151M
current process commit charge ("private bytes"): 250M, peak: 252M

vm_info: OpenJDK 64-Bit Server VM (21.0.5+11-LTS) for windows-amd64 JRE (21.0.5+11-LTS), built on 2024-10-15T00:00:00Z by "admin" with MS VC++ 17.7 (VS2022)

END.
